<?xml version="1.0" encoding="UTF-8"?>
<!-- Generated by org.testng.reporters.JUnitXMLReporter -->
<testsuite hostname="MacBook-Pro-de-Gualberto.local" name="Command line test" tests="2" failures="0" timestamp="14 Dec 2016 03:40:14 GMT" time="70.63" errors="0">
  <testcase name="testCreateProject" time="22.303" classname="org.fundacion.pivotal.CreateProjectTest"/>
  <testcase name="testCreateProject" time="36.609" classname="org.fundacion.pivotal.ModifyProjectTest"/>
</testsuite> <!-- Command line test -->
