<?xml version="1.0" encoding="UTF-8"?>
<testng-results skipped="0" failed="0" total="2" passed="2">
  <reporter-output>
  </reporter-output>
  <suite name="Command line suite" duration-ms="70630" started-at="2016-12-14T03:38:58Z" finished-at="2016-12-14T03:40:09Z">
    <groups>
    </groups>
    <test name="Command line test" duration-ms="70630" started-at="2016-12-14T03:38:58Z" finished-at="2016-12-14T03:40:09Z">
      <class name="org.fundacion.pivotal.ModifyProjectTest">
        <test-method status="PASS" signature="testCreateProject()[pri:0, instance:org.fundacion.pivotal.ModifyProjectTest@643b1d11]" name="testCreateProject" duration-ms="36609" started-at="2016-12-13T23:39:32Z" finished-at="2016-12-13T23:40:09Z">
          <reporter-output>
          </reporter-output>
        </test-method> <!-- testCreateProject -->
      </class> <!-- org.fundacion.pivotal.ModifyProjectTest -->
      <class name="org.fundacion.pivotal.CreateProjectTest">
        <test-method status="PASS" signature="setup()[pri:0, instance:org.fundacion.pivotal.CreateProjectTest@48eff760]" name="setup" is-config="true" duration-ms="6031" started-at="2016-12-13T23:38:58Z" finished-at="2016-12-13T23:39:04Z">
          <reporter-output>
          </reporter-output>
        </test-method> <!-- setup -->
        <test-method status="PASS" signature="setup()[pri:0, instance:org.fundacion.pivotal.ModifyProjectTest@643b1d11]" name="setup" is-config="true" duration-ms="5532" started-at="2016-12-13T23:39:04Z" finished-at="2016-12-13T23:39:10Z">
          <reporter-output>
          </reporter-output>
        </test-method> <!-- setup -->
        <test-method status="PASS" signature="testCreateProject()[pri:0, instance:org.fundacion.pivotal.CreateProjectTest@48eff760]" name="testCreateProject" duration-ms="22303" started-at="2016-12-13T23:39:10Z" finished-at="2016-12-13T23:39:32Z">
          <reporter-output>
          </reporter-output>
        </test-method> <!-- testCreateProject -->
        <test-method status="PASS" signature="close()[pri:0, instance:org.fundacion.pivotal.CreateProjectTest@48eff760]" name="close" is-config="true" duration-ms="75" started-at="2016-12-13T23:40:09Z" finished-at="2016-12-13T23:40:09Z">
          <reporter-output>
          </reporter-output>
        </test-method> <!-- close -->
        <test-method status="PASS" signature="close()[pri:0, instance:org.fundacion.pivotal.ModifyProjectTest@643b1d11]" name="close" is-config="true" duration-ms="73" started-at="2016-12-13T23:40:09Z" finished-at="2016-12-13T23:40:09Z">
          <reporter-output>
          </reporter-output>
        </test-method> <!-- close -->
      </class> <!-- org.fundacion.pivotal.CreateProjectTest -->
    </test> <!-- Command line test -->
  </suite> <!-- Command line suite -->
</testng-results>
